<?xml version="1.0" encoding="UTF-8"?>
<testng-results skipped="0" failed="1" total="3" passed="2">
  <reporter-output>
    <line>
      <![CDATA[Package with subpackages\feature <br/>reason: org.openqa.selenium.TimeoutException: Element is not clickable
Build info: version: '2.45.0', revision: '5017cb8e7ca8e37638dc3091b2440b90a1d8686f', time: '2015-02-27 09:10:26'
System info: host: 'Khorne', ip: '192.168.1.204', os.name: 'Windows 7', os.arch: 'amd64', os.version: '6.1', java.version: '1.7.0_79'
Driver info: driver.version: unknown<br/><img src="screenshots\output.cucumberTest.screen_2016-09-22_21.51.35.836.jpg" alt = "error screenshot output.cucumberTest.screen_2016-09-22_21.51.35.836.jpg"  width="90%"/><br/>]]>
    </line>
  </reporter-output>
  <suite name="Test runner" duration-ms="166212" started-at="2016-09-22T18:50:14Z" finished-at="2016-09-22T18:53:01Z">
    <groups>
      <group name="cucumber">
        <method signature="AbstractTestNGCucumberTests.feature(cucumber.api.testng.CucumberFeatureWrapper)[pri:0, instance:cucumber.CucumberTest@3b5fea73]" name="feature" class="cucumber.api.testng.AbstractTestNGCucumberTests"/>
      </group> <!-- cucumber -->
    </groups>
    <test name="Package with subpackages" duration-ms="166212" started-at="2016-09-22T18:50:14Z" finished-at="2016-09-22T18:53:01Z">
      <class name="cucumber.CucumberTest">
        <test-method status="PASS" signature="setUpSuite(java.lang.String)[pri:0, instance:cucumber.CucumberTest@3b5fea73]" name="setUpSuite" is-config="true" duration-ms="63" started-at="2016-09-22T21:50:14Z" finished-at="2016-09-22T21:50:14Z">
          <params>
            <param index="0">
              <value>
                <![CDATA[https://www.ryanair.com/ie/en/]]>
              </value>
            </param>
          </params>
          <reporter-output>
          </reporter-output>
        </test-method> <!-- setUpSuite -->
        <test-method status="PASS" signature="setUpClass()[pri:0, instance:cucumber.CucumberTest@3b5fea73]" name="setUpClass" is-config="true" duration-ms="564" started-at="2016-09-22T21:50:14Z" finished-at="2016-09-22T21:50:15Z">
          <reporter-output>
          </reporter-output>
        </test-method> <!-- setUpClass -->
        <test-method status="FAIL" signature="feature(cucumber.api.testng.CucumberFeatureWrapper)[pri:0, instance:cucumber.CucumberTest@3b5fea73]" name="feature" duration-ms="79786" started-at="2016-09-22T21:50:16Z" description="Runs Cucumber Feature" data-provider="features" finished-at="2016-09-22T21:51:35Z">
          <params>
            <param index="0">
              <value>
                <![CDATA[Example Test Input]]>
              </value>
            </param>
          </params>
          <exception class="cucumber.runtime.CucumberException">
            <message>
              <![CDATA[org.openqa.selenium.TimeoutException: Element is not clickable
Build info: version: '2.45.0', revision: '5017cb8e7ca8e37638dc3091b2440b90a1d8686f', time: '2015-02-27 09:10:26'
System info: host: 'Khorne', ip: '192.168.1.204', os.name: 'Windows 7', os.arch: 'amd64', os.version: '6.1', java.version: '1.7.0_79'
Driver info: driver.version: unknown]]>
            </message>
            <full-stacktrace>
              <![CDATA[cucumber.runtime.CucumberException: org.openqa.selenium.TimeoutException: Element is not clickable
Build info: version: '2.45.0', revision: '5017cb8e7ca8e37638dc3091b2440b90a1d8686f', time: '2015-02-27 09:10:26'
System info: host: 'Khorne', ip: '192.168.1.204', os.name: 'Windows 7', os.arch: 'amd64', os.version: '6.1', java.version: '1.7.0_79'
Driver info: driver.version: unknown
	at cucumber.api.testng.TestNGCucumberRunner.runCucumber(TestNGCucumberRunner.java:69)
	at cucumber.api.testng.AbstractTestNGCucumberTests.feature(AbstractTestNGCucumberTests.java:21)
	at sun.reflect.NativeMethodAccessorImpl.invoke0(Native Method)
	at sun.reflect.NativeMethodAccessorImpl.invoke(NativeMethodAccessorImpl.java:57)
	at sun.reflect.DelegatingMethodAccessorImpl.invoke(DelegatingMethodAccessorImpl.java:43)
	at java.lang.reflect.Method.invoke(Method.java:606)
	at org.testng.internal.MethodInvocationHelper.invokeMethod(MethodInvocationHelper.java:85)
	at org.testng.internal.Invoker.invokeMethod(Invoker.java:639)
	at org.testng.internal.Invoker.invokeTestMethod(Invoker.java:816)
	at org.testng.internal.Invoker.invokeTestMethods(Invoker.java:1124)
	at org.testng.internal.TestMethodWorker.invokeTestMethods(TestMethodWorker.java:125)
	at org.testng.internal.TestMethodWorker.run(TestMethodWorker.java:108)
	at java.util.concurrent.ThreadPoolExecutor.runWorker(ThreadPoolExecutor.java:1145)
	at java.util.concurrent.ThreadPoolExecutor$Worker.run(ThreadPoolExecutor.java:615)
	at java.lang.Thread.run(Thread.java:745)
Caused by: org.openqa.selenium.TimeoutException: Element is not clickable
Build info: version: '2.45.0', revision: '5017cb8e7ca8e37638dc3091b2440b90a1d8686f', time: '2015-02-27 09:10:26'
System info: host: 'Khorne', ip: '192.168.1.204', os.name: 'Windows 7', os.arch: 'amd64', os.version: '6.1', java.version: '1.7.0_79'
Driver info: driver.version: unknown
	at platform.independent.elements.primitives.impl.ButtonImpl.click(ButtonImpl.java:36)
	at ryan.air.page.customPages.impl.ChooseFlightPageImpl.clickAnyPrice(ChooseFlightPageImpl.java:54)
	at sun.reflect.NativeMethodAccessorImpl.invoke0(Native Method)
	at sun.reflect.NativeMethodAccessorImpl.invoke(NativeMethodAccessorImpl.java:57)
	at sun.reflect.DelegatingMethodAccessorImpl.invoke(DelegatingMethodAccessorImpl.java:43)
	at java.lang.reflect.Method.invoke(Method.java:606)
	at platform.independent.pageobjects.PageReloaderProxy.invoke(PageReloaderProxy.java:100)
	at com.sun.proxy.$Proxy31.clickAnyPrice(Unknown Source)
	at cucumber.glue.StepDefinitions.I_make_a_booking_from(StepDefinitions.java:52)
	at ✽.Given I make a booking from “DUB” to “SXF” on 11/03/2016(Example.feature:4)
Caused by: org.openqa.selenium.WebDriverException: unknown error: Element is not clickable at point (710, 949). Other element would receive the click: <div class="cookie-popup" ng-hide="hidePopUp">...</div>
  (Session info: chrome=53.0.2785.116)
  (Driver info: chromedriver=2.24.417431 (9aea000394714d2fbb20850021f6204f2256b9cf),platform=Windows NT 6.1.7601 SP1 x86_64) (WARNING: The server did not provide any stacktrace information)
Command duration or timeout: 15 milliseconds
Build info: version: '2.45.0', revision: '5017cb8e7ca8e37638dc3091b2440b90a1d8686f', time: '2015-02-27 09:10:26'
System info: host: 'Khorne', ip: '192.168.1.204', os.name: 'Windows 7', os.arch: 'amd64', os.version: '6.1', java.version: '1.7.0_79'
Session ID: 3d5cbfa8d4aa0fb5950e7105664ee149
Driver info: web.core.driver.MyChromeDriver
Capabilities [{platform=XP, acceptSslCerts=true, javascriptEnabled=true, browserName=chrome, chrome={userDataDir=C:\Users\4D88~1\AppData\Local\Temp\scoped_dir20828_31162, chromedriverVersion=2.24.417431 (9aea000394714d2fbb20850021f6204f2256b9cf)}, networkConnectionEnabled=false, rotatable=false, locationContextEnabled=true, mobileEmulationEnabled=false, version=53.0.2785.116, pageLoadStrategy=normal, takesHeapSnapshot=true, cssSelectorsEnabled=true, databaseEnabled=false, handlesAlerts=true, browserConnectionEnabled=false, webStorageEnabled=true, nativeEvents=true, hasTouchScreen=false, applicationCacheEnabled=false, takesScreenshot=true}]
	at sun.reflect.GeneratedConstructorAccessor19.newInstance(Unknown Source)
	at sun.reflect.DelegatingConstructorAccessorImpl.newInstance(DelegatingConstructorAccessorImpl.java:45)
	at java.lang.reflect.Constructor.newInstance(Constructor.java:526)
	at org.openqa.selenium.remote.ErrorHandler.createThrowable(ErrorHandler.java:204)
	at org.openqa.selenium.remote.ErrorHandler.throwIfResponseFailed(ErrorHandler.java:156)
	at org.openqa.selenium.remote.RemoteWebDriver.execute(RemoteWebDriver.java:599)
	at org.openqa.selenium.remote.RemoteWebElement.execute(RemoteWebElement.java:268)
	at org.openqa.selenium.remote.RemoteWebElement.click(RemoteWebElement.java:79)
	at platform.independent.elements.primitives.impl.ButtonImpl.click(ButtonImpl.java:30)
	at ryan.air.page.customPages.impl.ChooseFlightPageImpl.clickAnyPrice(ChooseFlightPageImpl.java:54)
	at sun.reflect.NativeMethodAccessorImpl.invoke0(Native Method)
	at sun.reflect.NativeMethodAccessorImpl.invoke(NativeMethodAccessorImpl.java:57)
	at sun.reflect.DelegatingMethodAccessorImpl.invoke(DelegatingMethodAccessorImpl.java:43)
	at java.lang.reflect.Method.invoke(Method.java:606)
	at platform.independent.pageobjects.PageReloaderProxy.invoke(PageReloaderProxy.java:100)
	at com.sun.proxy.$Proxy31.clickAnyPrice(Unknown Source)
	at cucumber.glue.StepDefinitions.I_make_a_booking_from(StepDefinitions.java:52)
	at sun.reflect.NativeMethodAccessorImpl.invoke0(Native Method)
	at sun.reflect.NativeMethodAccessorImpl.invoke(NativeMethodAccessorImpl.java:57)
	at sun.reflect.DelegatingMethodAccessorImpl.invoke(DelegatingMethodAccessorImpl.java:43)
	at java.lang.reflect.Method.invoke(Method.java:606)
	at cucumber.runtime.Utils$1.call(Utils.java:37)
	at cucumber.runtime.Timeout.timeout(Timeout.java:13)
	at cucumber.runtime.Utils.invoke(Utils.java:31)
	at cucumber.runtime.java.JavaStepDefinition.execute(JavaStepDefinition.java:38)
	at cucumber.runtime.StepDefinitionMatch.runStep(StepDefinitionMatch.java:37)
	at cucumber.runtime.Runtime.runStep(Runtime.java:299)
	at cucumber.runtime.model.StepContainer.runStep(StepContainer.java:44)
	at cucumber.runtime.model.StepContainer.runSteps(StepContainer.java:39)
	at cucumber.runtime.model.CucumberScenario.run(CucumberScenario.java:44)
	at cucumber.runtime.model.CucumberFeature.run(CucumberFeature.java:165)
	at cucumber.api.testng.TestNGCucumberRunner.runCucumber(TestNGCucumberRunner.java:63)
	at cucumber.api.testng.AbstractTestNGCucumberTests.feature(AbstractTestNGCucumberTests.java:21)
	at sun.reflect.NativeMethodAccessorImpl.invoke0(Native Method)
	at sun.reflect.NativeMethodAccessorImpl.invoke(NativeMethodAccessorImpl.java:57)
	at sun.reflect.DelegatingMethodAccessorImpl.invoke(DelegatingMethodAccessorImpl.java:43)
	at java.lang.reflect.Method.invoke(Method.java:606)
	at org.testng.internal.MethodInvocationHelper.invokeMethod(MethodInvocationHelper.java:85)
	at org.testng.internal.Invoker.invokeMethod(Invoker.java:639)
	at org.testng.internal.Invoker.invokeTestMethod(Invoker.java:816)
	at org.testng.internal.Invoker.invokeTestMethods(Invoker.java:1124)
	at org.testng.internal.TestMethodWorker.invokeTestMethods(TestMethodWorker.java:125)
	at org.testng.internal.TestMethodWorker.run(TestMethodWorker.java:108)
	at java.util.concurrent.ThreadPoolExecutor.runWorker(ThreadPoolExecutor.java:1145)
	at java.util.concurrent.ThreadPoolExecutor$Worker.run(ThreadPoolExecutor.java:615)
	at java.lang.Thread.run(Thread.java:745)
]]>
            </full-stacktrace>
          </exception> <!-- cucumber.runtime.CucumberException -->
          <reporter-output>
            <line>
              <![CDATA[Package with subpackages\feature <br/>reason: org.openqa.selenium.TimeoutException: Element is not clickable
Build info: version: '2.45.0', revision: '5017cb8e7ca8e37638dc3091b2440b90a1d8686f', time: '2015-02-27 09:10:26'
System info: host: 'Khorne', ip: '192.168.1.204', os.name: 'Windows 7', os.arch: 'amd64', os.version: '6.1', java.version: '1.7.0_79'
Driver info: driver.version: unknown<br/><img src="screenshots\output.cucumberTest.screen_2016-09-22_21.51.35.836.jpg" alt = "error screenshot output.cucumberTest.screen_2016-09-22_21.51.35.836.jpg"  width="90%"/><br/>]]>
            </line>
          </reporter-output>
        </test-method> <!-- feature -->
        <test-method status="PASS" signature="feature(cucumber.api.testng.CucumberFeatureWrapper)[pri:0, instance:cucumber.CucumberTest@3b5fea73]" name="feature" duration-ms="51646" started-at="2016-09-22T21:51:37Z" description="Runs Cucumber Feature" data-provider="features" finished-at="2016-09-22T21:52:28Z">
          <params>
            <param index="0">
              <value>
                <![CDATA[Test to get message]]>
              </value>
            </param>
          </params>
          <reporter-output>
          </reporter-output>
        </test-method> <!-- feature -->
        <test-method status="PASS" signature="feature(cucumber.api.testng.CucumberFeatureWrapper)[pri:0, instance:cucumber.CucumberTest@3b5fea73]" name="feature" duration-ms="32312" started-at="2016-09-22T21:52:28Z" description="Runs Cucumber Feature" data-provider="features" finished-at="2016-09-22T21:53:01Z">
          <params>
            <param index="0">
              <value>
                <![CDATA[Test to get error message of worng card details]]>
              </value>
            </param>
          </params>
          <reporter-output>
          </reporter-output>
        </test-method> <!-- feature -->
        <test-method status="PASS" signature="tearDownClass()[pri:0, instance:cucumber.CucumberTest@3b5fea73]" name="tearDownClass" is-config="true" duration-ms="10" started-at="2016-09-22T21:53:01Z" finished-at="2016-09-22T21:53:01Z">
          <reporter-output>
          </reporter-output>
        </test-method> <!-- tearDownClass -->
        <test-method status="PASS" signature="tearDownSuite()[pri:0, instance:cucumber.CucumberTest@3b5fea73]" name="tearDownSuite" is-config="true" duration-ms="2722" started-at="2016-09-22T21:53:01Z" finished-at="2016-09-22T21:53:03Z">
          <reporter-output>
          </reporter-output>
        </test-method> <!-- tearDownSuite -->
      </class> <!-- cucumber.CucumberTest -->
    </test> <!-- Package with subpackages -->
  </suite> <!-- Test runner -->
</testng-results>
